<?xml version="1.0" encoding="UTF-8"?>
<Site BuildName="(empty)"
	BuildStamp="20241127-1137-Experimental"
	Name="Shan"
	Generator="ctest-3.22.1"
	CompilerName="/usr/bin/c++"
	CompilerVersion="11.4.0"
	OSName="Linux"
	Hostname="Shan"
	OSRelease="5.15.167.4-microsoft-standard-WSL2"
	OSVersion="#1 SMP Tue Nov 5 00:21:55 UTC 2024"
	OSPlatform="x86_64"
	Is64Bits="1"
	VendorString="GenuineIntel"
	VendorID="Intel Corporation"
	FamilyID="6"
	ModelID="154"
	ProcessorCacheSize="18432"
	NumberOfLogicalCPU="16"
	NumberOfPhysicalCPU="8"
	TotalVirtualMemory="4096"
	TotalPhysicalMemory="15846"
	LogicalProcessorsPerPhysical="2"
	ProcessorClockFrequency="2496.01"
	>
	<Testing>
		<StartDateTime>Nov 27 12:37 CET</StartDateTime>
		<StartTestTime>1732707469</StartTestTime>
		<TestList/>
		<EndDateTime>Nov 27 12:37 CET</EndDateTime>
		<EndTestTime>1732707469</EndTestTime>
		<ElapsedMinutes>0</ElapsedMinutes>
	</Testing>
</Site>
